Determining if the pthread_create exist failed with the following output:
Change Dir: /home/jetson/software/world_canvas/build/CMakeFiles/CMakeTmp

Run Build Command:"/usr/bin/make" "cmTC_fa439/fast"
/usr/bin/make -f CMakeFiles/cmTC_fa439.dir/build.make CMakeFiles/cmTC_fa439.dir/build
make[1]: Entering directory '/home/jetson/software/world_canvas/build/CMakeFiles/CMakeTmp'
Building C object CMakeFiles/cmTC_fa439.dir/CheckSymbolExists.c.o
/usr/bin/cc    -o CMakeFiles/cmTC_fa439.dir/CheckSymbolExists.c.o   -c /home/jetson/software/world_canvas/build/CMakeFiles/CMakeTmp/CheckSymbolExists.c
Linking C executable cmTC_fa439
/usr/bin/cmake -E cmake_link_script CMakeFiles/cmTC_fa439.dir/link.txt --verbose=1
/usr/bin/cc      -rdynamic CMakeFiles/cmTC_fa439.dir/CheckSymbolExists.c.o  -o cmTC_fa439 
CMakeFiles/cmTC_fa439.dir/CheckSymbolExists.c.o: In function `main':
CheckSymbolExists.c:(.text+0x14): undefined reference to `pthread_create'
CheckSymbolExists.c:(.text+0x18): undefined reference to `pthread_create'
collect2: error: ld returned 1 exit status
CMakeFiles/cmTC_fa439.dir/build.make:97: recipe for target 'cmTC_fa439' failed
make[1]: *** [cmTC_fa439] Error 1
make[1]: Leaving directory '/home/jetson/software/world_canvas/build/CMakeFiles/CMakeTmp'
Makefile:126: recipe for target 'cmTC_fa439/fast' failed
make: *** [cmTC_fa439/fast] Error 2

File /home/jetson/software/world_canvas/build/CMakeFiles/CMakeTmp/CheckSymbolExists.c:
/* */
#include <pthread.h>

int main(int argc, char** argv)
{
  (void)argv;
#ifndef pthread_create
  return ((int*)(&pthread_create))[argc];
#else
  (void)argc;
  return 0;
#endif
}

Determining if the function pthread_create exists in the pthreads failed with the following output:
Change Dir: /home/jetson/software/world_canvas/build/CMakeFiles/CMakeTmp

Run Build Command:"/usr/bin/make" "cmTC_ace1e/fast"
/usr/bin/make -f CMakeFiles/cmTC_ace1e.dir/build.make CMakeFiles/cmTC_ace1e.dir/build
make[1]: Entering directory '/home/jetson/software/world_canvas/build/CMakeFiles/CMakeTmp'
Building C object CMakeFiles/cmTC_ace1e.dir/CheckFunctionExists.c.o
/usr/bin/cc   -DCHECK_FUNCTION_EXISTS=pthread_create   -o CMakeFiles/cmTC_ace1e.dir/CheckFunctionExists.c.o   -c /usr/share/cmake-3.10/Modules/CheckFunctionExists.c
Linking C executable cmTC_ace1e
/usr/bin/cmake -E cmake_link_script CMakeFiles/cmTC_ace1e.dir/link.txt --verbose=1
/usr/bin/cc  -DCHECK_FUNCTION_EXISTS=pthread_create    -rdynamic CMakeFiles/cmTC_ace1e.dir/CheckFunctionExists.c.o  -o cmTC_ace1e -lpthreads 
/usr/bin/ld: cannot find -lpthreads
collect2: error: ld returned 1 exit status
CMakeFiles/cmTC_ace1e.dir/build.make:97: recipe for target 'cmTC_ace1e' failed
make[1]: *** [cmTC_ace1e] Error 1
make[1]: Leaving directory '/home/jetson/software/world_canvas/build/CMakeFiles/CMakeTmp'
Makefile:126: recipe for target 'cmTC_ace1e/fast' failed
make: *** [cmTC_ace1e/fast] Error 2


